# JRE version: OpenJDK Runtime Environment Temurin-17.0.7+7 (17.0.7+7) (build 17.0.7+7)
# Java VM: OpenJDK 64-Bit Server VM Temurin-17.0.7+7 (17.0.7+7, mixed mode, emulated-client, tiered, compressed oops, compressed class ptrs, g1 gc, windows-amd64)
GC Precious Log:
 CPUs: 2 total, 2 available
 Memory: 3927M
 Large Page Support: Disabled
 NUMA Support: Disabled
 Compressed Oops: Enabled (32-bit)
 Heap Region Size: 1M
 Heap Min Capacity: 8M
 Heap Initial Capacity: 62M
 Heap Max Capacity: 982M
 Pre-touch: Disabled
 Parallel Workers: 2
 Concurrent Workers: 1
 Concurrent Refinement Workers: 2
 Periodic GC: Disabled
Heap:
 garbage-first heap   total 45056K, used 12992K [0x00000000c2a00000, 0x0000000100000000)
  region size 1024K, 1 young (1024K), 1 survivors (1024K)
 Metaspace       used 28778K, committed 29056K, reserved 1114112K
  class space    used 3501K, committed 3648K, reserved 1048576K
GC Heap History (15 events):
Event: 1.309 GC heap before
{Heap before GC invocations=0 (full 0):
 garbage-first heap   total 63488K, used 6144K [0x00000000c2a00000, 0x0000000100000000)
  region size 1024K, 6 young (6144K), 0 survivors (0K)
 Metaspace       used 6374K, committed 6528K, reserved 1114112K
  class space    used 547K, committed 576K, reserved 1048576K
}
Event: 1.317 GC heap after
{Heap after GC invocations=1 (full 0):
 garbage-first heap   total 63488K, used 5096K [0x00000000c2a00000, 0x0000000100000000)
  region size 1024K, 1 young (1024K), 1 survivors (1024K)
 Metaspace       used 6374K, committed 6528K, reserved 1114112K
  class space    used 547K, committed 576K, reserved 1048576K
}
Event: 1.629 GC heap before
{Heap before GC invocations=1 (full 0):
 garbage-first heap   total 63488K, used 7144K [0x00000000c2a00000, 0x0000000100000000)
  region size 1024K, 3 young (3072K), 1 survivors (1024K)
 Metaspace       used 7868K, committed 8064K, reserved 1114112K
  class space    used 716K, committed 832K, reserved 1048576K
}
Event: 1.636 GC heap after
{Heap after GC invocations=2 (full 0):
 garbage-first heap   total 63488K, used 6578K [0x00000000c2a00000, 0x0000000100000000)
  region size 1024K, 1 young (1024K), 1 survivors (1024K)
 Metaspace       used 7868K, committed 8064K, reserved 1114112K
  class space    used 716K, committed 832K, reserved 1048576K
}
Event: 3.042 GC heap before
{Heap before GC invocations=2 (full 0):
 garbage-first heap   total 63488K, used 12722K [0x00000000c2a00000, 0x0000000100000000)
  region size 1024K, 7 young (7168K), 1 survivors (1024K)
 Metaspace       used 13359K, committed 13568K, reserved 1114112K
  class space    used 1359K, committed 1472K, reserved 1048576K
}
Event: 3.060 GC heap after
{Heap after GC invocations=3 (full 0):
 garbage-first heap   total 63488K, used 8061K [0x00000000c2a00000, 0x0000000100000000)
  region size 1024K, 1 young (1024K), 1 survivors (1024K)
 Metaspace       used 13359K, committed 13568K, reserved 1114112K
  class space    used 1359K, committed 1472K, reserved 1048576K
}
Event: 4.667 GC heap before
{Heap before GC invocations=3 (full 0):
 garbage-first heap   total 63488K, used 20349K [0x00000000c2a00000, 0x0000000100000000)
  region size 1024K, 13 young (13312K), 1 survivors (1024K)
 Metaspace       used 17265K, committed 17472K, reserved 1114112K
  class space    used 1867K, committed 1984K, reserved 1048576K
}
Event: 4.680 GC heap after
{Heap after GC invocations=4 (full 0):
 garbage-first heap   total 63488K, used 9527K [0x00000000c2a00000, 0x0000000100000000)
  region size 1024K, 2 young (2048K), 2 survivors (2048K)
 Metaspace       used 17265K, committed 17472K, reserved 1114112K
  class space    used 1867K, committed 1984K, reserved 1048576K
}
Event: 7.079 GC heap before
{Heap before GC invocations=4 (full 0):
 garbage-first heap   total 63488K, used 26935K [0x00000000c2a00000, 0x0000000100000000)
  region size 1024K, 21 young (21504K), 2 survivors (2048K)
 Metaspace       used 21269K, committed 21504K, reserved 1114112K
  class space    used 2495K, committed 2624K, reserved 1048576K
}
Event: 7.097 GC heap after
{Heap after GC invocations=5 (full 0):
 garbage-first heap   total 63488K, used 10925K [0x00000000c2a00000, 0x0000000100000000)
  region size 1024K, 3 young (3072K), 3 survivors (3072K)
 Metaspace       used 21269K, committed 21504K, reserved 1114112K
  class space    used 2495K, committed 2624K, reserved 1048576K
}
Event: 8.399 GC heap before
{Heap before GC invocations=6 (full 0):
 garbage-first heap   total 45056K, used 33453K [0x00000000c2a00000, 0x0000000100000000)
  region size 1024K, 26 young (26624K), 3 survivors (3072K)
 Metaspace       used 25445K, committed 25792K, reserved 1114112K
  class space    used 3147K, committed 3328K, reserved 1048576K
}
Event: 8.418 GC heap after
{Heap after GC invocations=7 (full 0):
 garbage-first heap   total 45056K, used 12216K [0x00000000c2a00000, 0x0000000100000000)
  region size 1024K, 3 young (3072K), 3 survivors (3072K)
 Metaspace       used 25445K, committed 25792K, reserved 1114112K
  class space    used 3147K, committed 3328K, reserved 1048576K
}
Event: 8.462 GC heap before
{Heap before GC invocations=7 (full 0):
 garbage-first heap   total 45056K, used 13240K [0x00000000c2a00000, 0x0000000100000000)
  region size 1024K, 4 young (4096K), 3 survivors (3072K)
 Metaspace       used 25637K, committed 25984K, reserved 1114112K
  class space    used 3160K, committed 3328K, reserved 1048576K
}
Event: 8.477 GC heap after
{Heap after GC invocations=8 (full 0):
 garbage-first heap   total 45056K, used 12441K [0x00000000c2a00000, 0x0000000100000000)
  region size 1024K, 1 young (1024K), 1 survivors (1024K)
 Metaspace       used 25637K, committed 25984K, reserved 1114112K
  class space    used 3160K, committed 3328K, reserved 1048576K
}
Event: 9.061 GC heap before
{Heap before GC invocations=8 (full 0):
 garbage-first heap   total 45056K, used 28825K [0x00000000c2a00000, 0x0000000100000000)
  region size 1024K, 18 young (18432K), 1 survivors (1024K)
 Metaspace       used 28778K, committed 29056K, reserved 1114112K
  class space    used 3501K, committed 3648K, reserved 1048576K
}

